# JRE version: Java(TM) SE Runtime Environment (8.0_20-b26) (build 1.8.0_20-b26)
# Java VM: Java HotSpot(TM) 64-Bit Server VM (25.20-b23 mixed mode linux-amd64 compressed oops)
Heap:
 PSYoungGen      total 68608K, used 5089K [0x00000000f0000000, 0x00000000f4800000, 0x0000000100000000)
  eden space 63488K, 0% used [0x00000000f0000000,0x00000000f0000000,0x00000000f3e00000)
  from space 5120K, 99% used [0x00000000f3e00000,0x00000000f42f8608,0x00000000f4300000)
  to   space 5120K, 0% used [0x00000000f4300000,0x00000000f4300000,0x00000000f4800000)
 ParOldGen       total 84992K, used 4942K [0x00000000d0000000, 0x00000000d5300000, 0x00000000f0000000)
  object space 84992K, 5% used [0x00000000d0000000,0x00000000d04d38b8,0x00000000d5300000)
 Metaspace       used 21059K, capacity 21256K, committed 21296K, reserved 1067008K
  class space    used 3658K, capacity 3710K, committed 3712K, reserved 1048576K
GC Heap History (5 events):
Event: 3.452 GC heap before
{Heap before GC invocations=1 (full 0):
 PSYoungGen      total 36864K, used 31744K [0x00000000f0000000, 0x00000000f2900000, 0x0000000100000000)
  eden space 31744K, 100% used [0x00000000f0000000,0x00000000f1f00000,0x00000000f1f00000)
  from space 5120K, 0% used [0x00000000f2400000,0x00000000f2400000,0x00000000f2900000)
  to   space 5120K, 0% used [0x00000000f1f00000,0x00000000f1f00000,0x00000000f2400000)
 ParOldGen       total 84992K, used 0K [0x00000000d0000000, 0x00000000d5300000, 0x00000000f0000000)
  object space 84992K, 0% used [0x00000000d0000000,0x00000000d0000000,0x00000000d5300000)
 Metaspace       used 9704K, capacity 10660K, committed 10880K, reserved 1058816K
  class space    used 1538K, capacity 1588K, committed 1664K, reserved 1048576K
Event: 3.492 GC heap after
Heap after GC invocations=1 (full 0):
 PSYoungGen      total 36864K, used 5090K [0x00000000f0000000, 0x00000000f4800000, 0x0000000100000000)
  eden space 31744K, 0% used [0x00000000f0000000,0x00000000f0000000,0x00000000f1f00000)
  from space 5120K, 99% used [0x00000000f1f00000,0x00000000f23f88d8,0x00000000f2400000)
  to   space 5120K, 0% used [0x00000000f4300000,0x00000000f4300000,0x00000000f4800000)
 ParOldGen       total 84992K, used 1133K [0x00000000d0000000, 0x00000000d5300000, 0x00000000f0000000)
  object space 84992K, 1% used [0x00000000d0000000,0x00000000d011b460,0x00000000d5300000)
 Metaspace       used 9704K, capacity 10660K, committed 10880K, reserved 1058816K
  class space    used 1538K, capacity 1588K, committed 1664K, reserved 1048576K
}
Event: 6.306 GC heap before
{Heap before GC invocations=2 (full 0):
 PSYoungGen      total 36864K, used 36834K [0x00000000f0000000, 0x00000000f4800000, 0x0000000100000000)
  eden space 31744K, 100% used [0x00000000f0000000,0x00000000f1f00000,0x00000000f1f00000)
  from space 5120K, 99% used [0x00000000f1f00000,0x00000000f23f88d8,0x00000000f2400000)
  to   space 5120K, 0% used [0x00000000f4300000,0x00000000f4300000,0x00000000f4800000)
 ParOldGen       total 84992K, used 1133K [0x00000000d0000000, 0x00000000d5300000, 0x00000000f0000000)
  object space 84992K, 1% used [0x00000000d0000000,0x00000000d011b460,0x00000000d5300000)
 Metaspace       used 14797K, capacity 15116K, committed 15232K, reserved 1062912K
  class space    used 2517K, capacity 2588K, committed 2688K, reserved 1048576K
Event: 6.349 GC heap after
Heap after GC invocations=2 (full 0):
 PSYoungGen      total 68608K, used 5093K [0x00000000f0000000, 0x00000000f4800000, 0x0000000100000000)
  eden space 63488K, 0% used [0x00000000f0000000,0x00000000f0000000,0x00000000f3e00000)
  from space 5120K, 99% used [0x00000000f4300000,0x00000000f47f9708,0x00000000f4800000)
  to   space 5120K, 0% used [0x00000000f3e00000,0x00000000f3e00000,0x00000000f4300000)
 ParOldGen       total 84992K, used 1787K [0x00000000d0000000, 0x00000000d5300000, 0x00000000f0000000)
  object space 84992K, 2% used [0x00000000d0000000,0x00000000d01befd0,0x00000000d5300000)
 Metaspace       used 14797K, capacity 15116K, committed 15232K, reserved 1062912K
  class space    used 2517K, capacity 2588K, committed 2688K, reserved 1048576K
}
Event: 22.417 GC heap before
{Heap before GC invocations=3 (full 0):
 PSYoungGen      total 68608K, used 36274K [0x00000000f0000000, 0x00000000f4800000, 0x0000000100000000)
  eden space 63488K, 49% used [0x00000000f0000000,0x00000000f1e73168,0x00000000f3e00000)
  from space 5120K, 99% used [0x00000000f4300000,0x00000000f47f9708,0x00000000f4800000)
  to   space 5120K, 0% used [0x00000000f3e00000,0x00000000f3e00000,0x00000000f4300000)
 ParOldGen       total 84992K, used 1787K [0x00000000d0000000, 0x00000000d5300000, 0x00000000f0000000)
  object space 84992K, 2% used [0x00000000d0000000,0x00000000d01befd0,0x00000000d5300000)
 Metaspace       used 21059K, capacity 21256K, committed 21296K, reserved 1067008K
  class space    used 3658K, capacity 3710K, committed 3712K, reserved 1048576K

