# JRE version: Java(TM) SE Runtime Environment (8.0_20-b26) (build 1.8.0_20-b26)
# Java VM: Java HotSpot(TM) 64-Bit Server VM (25.20-b23 mixed mode linux-amd64 compressed oops)
Heap:
 PSYoungGen      total 116224K, used 5104K [0x00000000f0000000, 0x00000000f8600000, 0x0000000100000000)
  eden space 111104K, 0% used [0x00000000f0000000,0x00000000f0000000,0x00000000f6c80000)
  from space 5120K, 99% used [0x00000000f7c00000,0x00000000f80fc050,0x00000000f8100000)
  to   space 5120K, 0% used [0x00000000f8100000,0x00000000f8100000,0x00000000f8600000)
 ParOldGen       total 51200K, used 18517K [0x00000000d0000000, 0x00000000d3200000, 0x00000000f0000000)
  object space 51200K, 36% used [0x00000000d0000000,0x00000000d12157d0,0x00000000d3200000)
 Metaspace       used 30866K, capacity 31170K, committed 31360K, reserved 1075200K
  class space    used 6111K, capacity 6203K, committed 6272K, reserved 1048576K
GC Heap History (10 events):
Event: 11.325 GC heap after
Heap after GC invocations=1 (full 0):
 PSYoungGen      total 36864K, used 5106K [0x00000000f0000000, 0x00000000f4800000, 0x0000000100000000)
  eden space 31744K, 0% used [0x00000000f0000000,0x00000000f0000000,0x00000000f1f00000)
  from space 5120K, 99% used [0x00000000f1f00000,0x00000000f23fc8e8,0x00000000f2400000)
  to   space 5120K, 0% used [0x00000000f4300000,0x00000000f4300000,0x00000000f4800000)
 ParOldGen       total 84992K, used 1133K [0x00000000d0000000, 0x00000000d5300000, 0x00000000f0000000)
  object space 84992K, 1% used [0x00000000d0000000,0x00000000d011b460,0x00000000d5300000)
 Metaspace       used 9706K, capacity 10660K, committed 10880K, reserved 1058816K
  class space    used 1538K, capacity 1588K, committed 1664K, reserved 1048576K
}
Event: 40.575 GC heap before
{Heap before GC invocations=2 (full 0):
 PSYoungGen      total 36864K, used 36850K [0x00000000f0000000, 0x00000000f4800000, 0x0000000100000000)
  eden space 31744K, 100% used [0x00000000f0000000,0x00000000f1f00000,0x00000000f1f00000)
  from space 5120K, 99% used [0x00000000f1f00000,0x00000000f23fc8e8,0x00000000f2400000)
  to   space 5120K, 0% used [0x00000000f4300000,0x00000000f4300000,0x00000000f4800000)
 ParOldGen       total 84992K, used 1133K [0x00000000d0000000, 0x00000000d5300000, 0x00000000f0000000)
  object space 84992K, 1% used [0x00000000d0000000,0x00000000d011b460,0x00000000d5300000)
 Metaspace       used 14728K, capacity 14988K, committed 15232K, reserved 1062912K
  class space    used 2515K, capacity 2588K, committed 2688K, reserved 1048576K
Event: 40.915 GC heap after
Heap after GC invocations=2 (full 0):
 PSYoungGen      total 68608K, used 5096K [0x00000000f0000000, 0x00000000f4800000, 0x0000000100000000)
  eden space 63488K, 0% used [0x00000000f0000000,0x00000000f0000000,0x00000000f3e00000)
  from space 5120K, 99% used [0x00000000f4300000,0x00000000f47fa3a0,0x00000000f4800000)
  to   space 5120K, 0% used [0x00000000f3e00000,0x00000000f3e00000,0x00000000f4300000)
 ParOldGen       total 84992K, used 1723K [0x00000000d0000000, 0x00000000d5300000, 0x00000000f0000000)
  object space 84992K, 2% used [0x00000000d0000000,0x00000000d01aee48,0x00000000d5300000)
 Metaspace       used 14728K, capacity 14988K, committed 15232K, reserved 1062912K
  class space    used 2515K, capacity 2588K, committed 2688K, reserved 1048576K
}
Event: 62.439 GC heap before
{Heap before GC invocations=3 (full 0):
 PSYoungGen      total 68608K, used 39875K [0x00000000f0000000, 0x00000000f4800000, 0x0000000100000000)
  eden space 63488K, 54% used [0x00000000f0000000,0x00000000f21f6940,0x00000000f3e00000)
  from space 5120K, 99% used [0x00000000f4300000,0x00000000f47fa3a0,0x00000000f4800000)
  to   space 5120K, 0% used [0x00000000f3e00000,0x00000000f3e00000,0x00000000f4300000)
 ParOldGen       total 84992K, used 1723K [0x00000000d0000000, 0x00000000d5300000, 0x00000000f0000000)
  object space 84992K, 2% used [0x00000000d0000000,0x00000000d01aee48,0x00000000d5300000)
 Metaspace       used 21119K, capacity 21256K, committed 21296K, reserved 1067008K
  class space    used 3675K, capacity 3710K, committed 3712K, reserved 1048576K
Event: 62.527 GC heap after
Heap after GC invocations=3 (full 0):
 PSYoungGen      total 68608K, used 5104K [0x00000000f0000000, 0x00000000f8600000, 0x0000000100000000)
  eden space 63488K, 0% used [0x00000000f0000000,0x00000000f0000000,0x00000000f3e00000)
  from space 5120K, 99% used [0x00000000f3e00000,0x00000000f42fc050,0x00000000f4300000)
  to   space 5120K, 0% used [0x00000000f8100000,0x00000000f8100000,0x00000000f8600000)
 ParOldGen       total 84992K, used 4880K [0x00000000d0000000, 0x00000000d5300000, 0x00000000f0000000)
  object space 84992K, 5% used [0x00000000d0000000,0x00000000d04c41d8,0x00000000d5300000)
 Metaspace       used 21119K, capacity 21256K, committed 21296K, reserved 1067008K
  class space    used 3675K, capacity 3710K, committed 3712K, reserved 1048576K
}
Event: 62.543 GC heap before
{Heap before GC invocations=4 (full 1):
 PSYoungGen      total 68608K, used 5104K [0x00000000f0000000, 0x00000000f8600000, 0x0000000100000000)
  eden space 63488K, 0% used [0x00000000f0000000,0x00000000f0000000,0x00000000f3e00000)
  from space 5120K, 99% used [0x00000000f3e00000,0x00000000f42fc050,0x00000000f4300000)
  to   space 5120K, 0% used [0x00000000f8100000,0x00000000f8100000,0x00000000f8600000)
 ParOldGen       total 84992K, used 4880K [0x00000000d0000000, 0x00000000d5300000, 0x00000000f0000000)
  object space 84992K, 5% used [0x00000000d0000000,0x00000000d04c41d8,0x00000000d5300000)
 Metaspace       used 21119K, capacity 21256K, committed 21296K, reserved 1067008K
  class space    used 3675K, capacity 3710K, committed 3712K, reserved 1048576K
Event: 62.751 GC heap after
Heap after GC invocations=4 (full 1):
 PSYoungGen      total 68608K, used 0K [0x00000000f0000000, 0x00000000f8600000, 0x0000000100000000)
  eden space 63488K, 0% used [0x00000000f0000000,0x00000000f0000000,0x00000000f3e00000)
  from space 5120K, 0% used [0x00000000f3e00000,0x00000000f3e00000,0x00000000f4300000)
  to   space 5120K, 0% used [0x00000000f8100000,0x00000000f8100000,0x00000000f8600000)
 ParOldGen       total 51200K, used 7929K [0x00000000d0000000, 0x00000000d3200000, 0x00000000f0000000)
  object space 51200K, 15% used [0x00000000d0000000,0x00000000d07be458,0x00000000d3200000)
 Metaspace       used 21119K, capacity 21256K, committed 21296K, reserved 1067008K
  class space    used 3675K, capacity 3710K, committed 3712K, reserved 1048576K
}
Event: 70.032 GC heap before
{Heap before GC invocations=5 (full 1):
 PSYoungGen      total 68608K, used 63488K [0x00000000f0000000, 0x00000000f8600000, 0x0000000100000000)
  eden space 63488K, 100% used [0x00000000f0000000,0x00000000f3e00000,0x00000000f3e00000)
  from space 5120K, 0% used [0x00000000f3e00000,0x00000000f3e00000,0x00000000f4300000)
  to   space 5120K, 0% used [0x00000000f8100000,0x00000000f8100000,0x00000000f8600000)
 ParOldGen       total 51200K, used 7929K [0x00000000d0000000, 0x00000000d3200000, 0x00000000f0000000)
  object space 51200K, 15% used [0x00000000d0000000,0x00000000d07be458,0x00000000d3200000)
 Metaspace       used 27271K, capacity 27490K, committed 27648K, reserved 1071104K
  class space    used 5199K, capacity 5275K, committed 5376K, reserved 1048576K
Event: 70.095 GC heap after
Heap after GC invocations=5 (full 1):
 PSYoungGen      total 116224K, used 5092K [0x00000000f0000000, 0x00000000f8600000, 0x0000000100000000)
  eden space 111104K, 0% used [0x00000000f0000000,0x00000000f0000000,0x00000000f6c80000)
  from space 5120K, 99% used [0x00000000f8100000,0x00000000f85f9390,0x00000000f8600000)
  to   space 5120K, 0% used [0x00000000f7c00000,0x00000000f7c00000,0x00000000f8100000)
 ParOldGen       total 51200K, used 9600K [0x00000000d0000000, 0x00000000d3200000, 0x00000000f0000000)
  object space 51200K, 18% used [0x00000000d0000000,0x00000000d0960180,0x00000000d3200000)
 Metaspace       used 27271K, capacity 27490K, committed 27648K, reserved 1071104K
  class space    used 5199K, capacity 5275K, committed 5376K, reserved 1048576K
}
Event: 83.741 GC heap before
{Heap before GC invocations=6 (full 1):
 PSYoungGen      total 116224K, used 116196K [0x00000000f0000000, 0x00000000f8600000, 0x0000000100000000)
  eden space 111104K, 100% used [0x00000000f0000000,0x00000000f6c80000,0x00000000f6c80000)
  from space 5120K, 99% used [0x00000000f8100000,0x00000000f85f9390,0x00000000f8600000)
  to   space 5120K, 0% used [0x00000000f7c00000,0x00000000f7c00000,0x00000000f8100000)
 ParOldGen       total 51200K, used 9600K [0x00000000d0000000, 0x00000000d3200000, 0x00000000f0000000)
  object space 51200K, 18% used [0x00000000d0000000,0x00000000d0960180,0x00000000d3200000)
 Metaspace       used 30866K, capacity 31170K, committed 31360K, reserved 1075200K
  class space    used 6111K, capacity 6203K, committed 6272K, reserved 1048576K

